<?xml version="1.0" encoding="UTF-8"?>
<testng-results ignored="0" total="1" passed="1" failed="0" skipped="0">
  <reporter-output>
  </reporter-output>
  <suite started-at="2022-12-09T11:04:26 IST" name="Default suite" finished-at="2022-12-09T11:04:30 IST" duration-ms="3721">
    <groups>
    </groups>
    <test started-at="2022-12-09T11:04:26 IST" name="Default test" finished-at="2022-12-09T11:04:30 IST" duration-ms="3721">
      <class name="practise.Code9">
        <test-method signature="test1()[pri:0, instance:practise.Code9@3246fb96]" started-at="2022-12-09T11:04:26 IST" name="test1" finished-at="2022-12-09T11:04:30 IST" duration-ms="3687" status="PASS">
          <reporter-output>
          </reporter-output>
        </test-method> <!-- test1 -->
      </class> <!-- practise.Code9 -->
    </test> <!-- Default test -->
  </suite> <!-- Default suite -->
</testng-results>
